[J     total [..................................................]  0.20%
this epoch [################################..................] 64.00%
       100 iter, 0 epoch / 50000 iterations
       inf iters/sec. Estimated time to finish: 0:00:00.
[4Agenerator_loss  discriminator_loss  inception_score
[J     total [..................................................]  0.40%
this epoch [##############....................................] 28.00%
       200 iter, 1 epoch / 50000 iterations
    1.9614 iters/sec. Estimated time to finish: 7:03:09.488189.
[4A[J2.24892         0.300312                             
[J     total [..................................................]  0.60%
this epoch [##############################################....] 92.00%
       300 iter, 1 epoch / 50000 iterations
    1.9581 iters/sec. Estimated time to finish: 7:03:01.689069.
[4A[J1.83964         0.350478                             
[J     total [..................................................]  0.80%
this epoch [############################......................] 56.00%
       400 iter, 2 epoch / 50000 iterations
     1.957 iters/sec. Estimated time to finish: 7:02:24.280259.
[4A[J1.26535         0.678482                             
[J     total [..................................................]  1.00%
this epoch [##########........................................] 20.00%
       500 iter, 3 epoch / 50000 iterations
    1.9565 iters/sec. Estimated time to finish: 7:01:40.701166.
[4A[J0.913824        0.795363                             
[J     total [..................................................]  1.20%
this epoch [#########################################.........] 84.00%
       600 iter, 3 epoch / 50000 iterations
     1.956 iters/sec. Estimated time to finish: 7:00:56.195298.
[4A[J1.12504         0.785813                             
[J     total [..................................................]  1.40%
this epoch [########################..........................] 48.00%
       700 iter, 4 epoch / 50000 iterations
    1.9557 iters/sec. Estimated time to finish: 7:00:08.639199.
[4A[J0.999841        0.985476                             
[J     total [..................................................]  1.60%
this epoch [######............................................] 12.00%
       800 iter, 5 epoch / 50000 iterations
    1.9553 iters/sec. Estimated time to finish: 6:59:22.443485.
[4A[J0.895612        1.09861                              
[J     total [..................................................]  1.80%
this epoch [#####################################.............] 76.00%
       900 iter, 5 epoch / 50000 iterations
    1.9549 iters/sec. Estimated time to finish: 6:58:36.007735.
[4A[J0.794553        1.15786                              
[J     total [#.................................................]  2.00%
this epoch [####################..............................] 40.00%
      1000 iter, 6 epoch / 50000 iterations
    1.9371 iters/sec. Estimated time to finish: 7:01:34.892272.
[4A[J0.552873        1.1907                               
[J     total [#.................................................]  2.20%
this epoch [##................................................]  4.00%
      1100 iter, 7 epoch / 50000 iterations
    1.9389 iters/sec. Estimated time to finish: 7:00:20.015439.
[4A[J0.537586        1.2033              4.59246          
[J     total [#.................................................]  2.40%
this epoch [#################################.................] 68.00%
      1200 iter, 7 epoch / 50000 iterations
    1.9401 iters/sec. Estimated time to finish: 6:59:12.790441.
[4A[J0.710425        1.22024                              
[J     total [#.................................................]  2.60%
this epoch [################..................................] 32.00%
      1300 iter, 8 epoch / 50000 iterations
    1.9411 iters/sec. Estimated time to finish: 6:58:08.468222.
[4A[J0.699788        1.24243                              
[J     total [#.................................................]  2.80%
this epoch [################################################..] 96.00%
      1400 iter, 8 epoch / 50000 iterations
     1.942 iters/sec. Estimated time to finish: 6:57:05.221745.
[4A[J0.589268        1.24861                              
[J     total [#.................................................]  3.00%
this epoch [#############################.....................] 60.00%
      1500 iter, 9 epoch / 50000 iterations
    1.9429 iters/sec. Estimated time to finish: 6:56:03.293692.
[4A[J0.484435        1.25241                              
[J     total [#.................................................]  3.20%
this epoch [############......................................] 24.00%
      1600 iter, 10 epoch / 50000 iterations
    1.9435 iters/sec. Estimated time to finish: 6:55:03.028229.
[4A[J0.538361        1.25068                              
[J     total [#.................................................]  3.40%
this epoch [############################################......] 88.00%
      1700 iter, 10 epoch / 50000 iterations
    1.9441 iters/sec. Estimated time to finish: 6:54:04.704031.
[4A[J0.627664        1.26955                              
[J     total [#.................................................]  3.60%
this epoch [#########################.........................] 52.00%
      1800 iter, 11 epoch / 50000 iterations
    1.9446 iters/sec. Estimated time to finish: 6:53:06.662911.
[4A[J0.580445        1.23347                              
[J     total [#.................................................]  3.80%
this epoch [########..........................................] 16.00%
      1900 iter, 12 epoch / 50000 iterations
    1.9451 iters/sec. Estimated time to finish: 6:52:09.301840.
[4A[J0.523246        1.2253                               
[J     total [##................................................]  4.00%
this epoch [########################################..........] 80.00%
      2000 iter, 12 epoch / 50000 iterations
    1.9377 iters/sec. Estimated time to finish: 6:52:51.283668.
[4A[J0.534599        1.26912                              
[J     total [##................................................]  4.20%
this epoch [#####################.............................] 44.00%
      2100 iter, 13 epoch / 50000 iterations
    1.9386 iters/sec. Estimated time to finish: 6:51:47.947433.
[4A[J0.577295        1.27781             5.67921          
[J     total [##................................................]  4.40%
this epoch [####..............................................]  8.00%
      2200 iter, 14 epoch / 50000 iterations
    1.9393 iters/sec. Estimated time to finish: 6:50:47.596393.
[4A[J0.476219        1.24713                              
[J     total [##................................................]  4.60%
this epoch [####################################..............] 72.00%
      2300 iter, 14 epoch / 50000 iterations
    1.9399 iters/sec. Estimated time to finish: 6:49:48.385351.
[4A[J0.541203        1.27202                              
[J     total [##................................................]  4.80%
this epoch [#################.................................] 36.00%
      2400 iter, 15 epoch / 50000 iterations
    1.9405 iters/sec. Estimated time to finish: 6:48:49.978116.
[4A[J0.551653        1.21229                              
[J     total [##................................................]  5.00%
this epoch [..................................................]  0.00%
      2500 iter, 16 epoch / 50000 iterations
    1.9411 iters/sec. Estimated time to finish: 6:47:51.270055.
[4A[J0.617219        1.21772                              
[J     total [##................................................]  5.20%
this epoch [################################..................] 64.00%
      2600 iter, 16 epoch / 50000 iterations
    1.9416 iters/sec. Estimated time to finish: 6:46:52.937681.
[4A[J0.67091         1.24364                              
[J     total [##................................................]  5.40%
this epoch [##############....................................] 28.00%
      2700 iter, 17 epoch / 50000 iterations
     1.942 iters/sec. Estimated time to finish: 6:45:56.393093.
[4A[J0.605253        1.24221                              
[J     total [##................................................]  5.60%
this epoch [##############################################....] 92.00%
      2800 iter, 17 epoch / 50000 iterations
    1.9424 iters/sec. Estimated time to finish: 6:44:59.589616.
[4A[J0.554617        1.24776                              
[J     total [##................................................]  5.80%
this epoch [###########################.......................] 56.00%
      2900 iter, 18 epoch / 50000 iterations
    1.9428 iters/sec. Estimated time to finish: 6:44:03.368775.
[4A[J0.669451        1.23285                              
[J     total [###...............................................]  6.00%
this epoch [#########.........................................] 20.00%
      3000 iter, 19 epoch / 50000 iterations
    1.9382 iters/sec. Estimated time to finish: 6:44:08.897954.
[4A[J0.546251        1.24577                              
[J     total [###...............................................]  6.20%
this epoch [#########################################.........] 84.00%
      3100 iter, 19 epoch / 50000 iterations
    1.9389 iters/sec. Estimated time to finish: 6:43:09.137484.
[4A[J0.568854        1.22916             6.34138          
[J     total [###...............................................]  6.40%
this epoch [########################..........................] 48.00%
      3200 iter, 20 epoch / 50000 iterations
    1.9393 iters/sec. Estimated time to finish: 6:42:11.882471.
[4A[J0.680595        1.26601                              
[J     total [###...............................................]  6.60%
this epoch [######............................................] 12.00%
      3300 iter, 21 epoch / 50000 iterations
    1.9398 iters/sec. Estimated time to finish: 6:41:15.164159.
[4A[J0.588789        1.23181                              
[J     total [###...............................................]  6.80%
this epoch [######################################............] 76.00%
      3400 iter, 21 epoch / 50000 iterations
    1.9402 iters/sec. Estimated time to finish: 6:40:18.546563.
[4A[J0.717143        1.26682                              
[J     total [###...............................................]  7.00%
this epoch [###################...............................] 40.00%
      3500 iter, 22 epoch / 50000 iterations
    1.9406 iters/sec. Estimated time to finish: 6:39:22.230722.
[4A[J0.588072        1.27794                              
[J     total [###...............................................]  7.20%
this epoch [#.................................................]  4.00%
      3600 iter, 23 epoch / 50000 iterations
    1.9409 iters/sec. Estimated time to finish: 6:38:26.020295.
[4A[J0.529788        1.24877                              
[J     total [###...............................................]  7.40%
this epoch [#################################.................] 68.00%
      3700 iter, 23 epoch / 50000 iterations
    1.9413 iters/sec. Estimated time to finish: 6:37:30.304847.
[4A[J0.660648        1.28891                              
[J     total [###...............................................]  7.60%
this epoch [################..................................] 32.00%
      3800 iter, 24 epoch / 50000 iterations
    1.9416 iters/sec. Estimated time to finish: 6:36:34.486466.
[4A[J0.489461        1.25042                              
[J     total [###...............................................]  7.80%
this epoch [################################################..] 96.00%
      3900 iter, 24 epoch / 50000 iterations
     1.942 iters/sec. Estimated time to finish: 6:35:39.023044.
[4A[J0.669561        1.27179                              
[J     total [####..............................................]  8.00%
this epoch [##############################....................] 60.00%
      4000 iter, 25 epoch / 50000 iterations
    1.9384 iters/sec. Estimated time to finish: 6:35:30.765600.
[4A[J0.603119        1.28115                              
[J     total [####..............................................]  8.20%
this epoch [###########.......................................] 24.00%
      4100 iter, 26 epoch / 50000 iterations
    1.9389 iters/sec. Estimated time to finish: 6:34:33.617901.
[4A[J0.530571        1.24112             6.51112          
[J     total [####..............................................]  8.40%
this epoch [###########################################.......] 88.00%
      4200 iter, 26 epoch / 50000 iterations
    1.9392 iters/sec. Estimated time to finish: 6:33:37.567874.
[4A[J0.609354        1.25935                              
[J     total [####..............................................]  8.60%
this epoch [#########################.........................] 52.00%
      4300 iter, 27 epoch / 50000 iterations
    1.9396 iters/sec. Estimated time to finish: 6:32:42.155283.
[4A[J0.587945        1.27451                              
[J     total [####..............................................]  8.80%
this epoch [########..........................................] 16.00%
      4400 iter, 28 epoch / 50000 iterations
    1.9398 iters/sec. Estimated time to finish: 6:31:47.154763.
[4A[J0.613952        1.27808                              
[J     total [####..............................................]  9.00%
this epoch [########################################..........] 80.00%
      4500 iter, 28 epoch / 50000 iterations
    1.9401 iters/sec. Estimated time to finish: 6:30:51.849195.
[4A[J0.591903        1.26072                              
[J     total [####..............................................]  9.20%
this epoch [######################............................] 44.00%
      4600 iter, 29 epoch / 50000 iterations
    1.9404 iters/sec. Estimated time to finish: 6:29:56.936306.
[4A[J0.701443        1.30666                              
[J     total [####..............................................]  9.40%
this epoch [###...............................................]  8.00%
      4700 iter, 30 epoch / 50000 iterations
    1.9407 iters/sec. Estimated time to finish: 6:29:02.322032.
[4A[J0.579178        1.28614                              
[J     total [####..............................................]  9.60%
this epoch [###################################...............] 72.00%
      4800 iter, 30 epoch / 50000 iterations
    1.9409 iters/sec. Estimated time to finish: 6:28:07.746511.
[4A[J0.582161        1.30955                              
[J     total [####..............................................]  9.80%
this epoch [#################.................................] 36.00%
      4900 iter, 31 epoch / 50000 iterations
    1.9412 iters/sec. Estimated time to finish: 6:27:13.127832.
[4A[J0.610042        1.2807                               
[J     total [#####.............................................] 10.00%
this epoch [..................................................]  0.00%
      5000 iter, 32 epoch / 50000 iterations
    1.9386 iters/sec. Estimated time to finish: 6:26:53.110288.
[4A[J0.623774        1.26078                              
[J     total [#####.............................................] 10.20%
this epoch [################################..................] 64.00%
      5100 iter, 32 epoch / 50000 iterations
    1.9389 iters/sec. Estimated time to finish: 6:25:57.228972.
[4A[J0.591183        1.29893             7.05386          
[J     total [#####.............................................] 10.40%
this epoch [##############....................................] 28.00%
      5200 iter, 33 epoch / 50000 iterations
    1.9392 iters/sec. Estimated time to finish: 6:25:02.315898.
[4A[J0.529391        1.29739                              
[J     total [#####.............................................] 10.60%
this epoch [##############################################....] 92.00%
      5300 iter, 33 epoch / 50000 iterations
    1.9395 iters/sec. Estimated time to finish: 6:24:07.639386.
[4A[J0.468877        1.25216                              
[J     total [#####.............................................] 10.80%
this epoch [############################......................] 56.00%
      5400 iter, 34 epoch / 50000 iterations
    1.9397 iters/sec. Estimated time to finish: 6:23:12.937342.
[4A[J0.593321        1.26992                              
[J     total [#####.............................................] 11.00%
this epoch [##########........................................] 20.00%
      5500 iter, 35 epoch / 50000 iterations
      1.94 iters/sec. Estimated time to finish: 6:22:18.585484.
[4A[J0.617133        1.25027                              
[J     total [#####.............................................] 11.20%
this epoch [##########################################........] 84.00%
      5600 iter, 35 epoch / 50000 iterations
    1.9402 iters/sec. Estimated time to finish: 6:21:24.277593.
[4A[J0.524597        1.25713                              
[J     total [#####.............................................] 11.40%
this epoch [#######################...........................] 48.00%
      5700 iter, 36 epoch / 50000 iterations
    1.9404 iters/sec. Estimated time to finish: 6:20:30.205679.
[4A[J0.648537        1.26834                              
[J     total [#####.............................................] 11.60%
this epoch [#####.............................................] 12.00%
      5800 iter, 37 epoch / 50000 iterations
    1.9406 iters/sec. Estimated time to finish: 6:19:36.214378.
[4A[J0.491403        1.25464                              
[J     total [#####.............................................] 11.80%
this epoch [#####################################.............] 76.00%
      5900 iter, 37 epoch / 50000 iterations
    1.9408 iters/sec. Estimated time to finish: 6:18:42.144304.
[4A[J0.613261        1.24709                              
[J     total [######............................................] 12.00%
this epoch [###################...............................] 40.00%
      6000 iter, 38 epoch / 50000 iterations
    1.9386 iters/sec. Estimated time to finish: 6:18:17.110865.
[4A[J0.629999        1.26479                              
[J     total [######............................................] 12.20%
this epoch [#.................................................]  4.00%
      6100 iter, 39 epoch / 50000 iterations
    1.9389 iters/sec. Estimated time to finish: 6:17:21.843340.
[4A[J0.627878        1.26953             6.63134          
[J     total [######............................................] 12.40%
this epoch [#################################.................] 68.00%
      6200 iter, 39 epoch / 50000 iterations
    1.9391 iters/sec. Estimated time to finish: 6:16:27.580185.
[4A[J0.561268        1.26205                              
[J     total [######............................................] 12.60%
this epoch [################..................................] 32.00%
      6300 iter, 40 epoch / 50000 iterations
    1.9393 iters/sec. Estimated time to finish: 6:15:33.455067.
[4A[J0.653266        1.28266                              
[J     total [######............................................] 12.80%
this epoch [################################################..] 96.00%
      6400 iter, 40 epoch / 50000 iterations
    1.9395 iters/sec. Estimated time to finish: 6:14:39.714913.
[4A[J0.549554        1.27435                              
[J     total [######............................................] 13.00%
this epoch [##############################....................] 60.00%
      6500 iter, 41 epoch / 50000 iterations
    1.9397 iters/sec. Estimated time to finish: 6:13:45.712890.
[4A[J0.580029        1.25402                              
[J     total [######............................................] 13.20%
this epoch [############......................................] 24.00%
      6600 iter, 42 epoch / 50000 iterations
    1.9399 iters/sec. Estimated time to finish: 6:12:51.899821.
[4A[J0.647159        1.27728                              
[J     total [######............................................] 13.40%
this epoch [############################################......] 88.00%
      6700 iter, 42 epoch / 50000 iterations
    1.9401 iters/sec. Estimated time to finish: 6:11:58.338970.
[4A[J0.566989        1.27372                              
[J     total [######............................................] 13.60%
this epoch [##########################........................] 52.00%
      6800 iter, 43 epoch / 50000 iterations
    1.9403 iters/sec. Estimated time to finish: 6:11:04.807932.
[4A[J0.670021        1.28789                              
[J     total [######............................................] 13.80%
this epoch [#######...........................................] 16.00%
      6900 iter, 44 epoch / 50000 iterations
    1.9405 iters/sec. Estimated time to finish: 6:10:11.163584.
[4A[J0.560134        1.28403                              
[J     total [#######...........................................] 14.00%
this epoch [#######################################...........] 80.00%
      7000 iter, 44 epoch / 50000 iterations
    1.9386 iters/sec. Estimated time to finish: 6:09:41.283937.
[4A[J0.643478        1.26213                              
[J     total [#######...........................................] 14.20%
this epoch [#####################.............................] 44.00%
      7100 iter, 45 epoch / 50000 iterations
    1.9388 iters/sec. Estimated time to finish: 6:08:46.809032.
[4A[J0.585179        1.2596              6.93073          
[J     total [#######...........................................] 14.40%
this epoch [###...............................................]  8.00%
      7200 iter, 46 epoch / 50000 iterations
     1.939 iters/sec. Estimated time to finish: 6:07:52.983016.
[4A[J0.584355        1.27316                              
[J     total [#######...........................................] 14.60%
this epoch [###################################...............] 72.00%
      7300 iter, 46 epoch / 50000 iterations
    1.9392 iters/sec. Estimated time to finish: 6:06:59.509335.
[4A[J0.55219         1.27879                              
[J     total [#######...........................................] 14.80%
this epoch [#################.................................] 36.00%
      7400 iter, 47 epoch / 50000 iterations
    1.9394 iters/sec. Estimated time to finish: 6:06:05.663009.
[4A[J0.513835        1.26627                              
[J     total [#######...........................................] 15.00%
this epoch [..................................................]  0.00%
      7500 iter, 48 epoch / 50000 iterations
    1.9396 iters/sec. Estimated time to finish: 6:05:11.991040.
[4A[J0.58697         1.2681                               
[J     total [#######...........................................] 15.20%
this epoch [################################..................] 64.00%
      7600 iter, 48 epoch / 50000 iterations
    1.9398 iters/sec. Estimated time to finish: 6:04:18.374966.
[4A[J0.518126        1.23839                              
[J     total [#######...........................................] 15.40%
this epoch [##############....................................] 28.00%
      7700 iter, 49 epoch / 50000 iterations
    1.9399 iters/sec. Estimated time to finish: 6:03:24.922852.
[4A[J0.693953        1.23462                              
[J     total [#######...........................................] 15.60%
this epoch [##############################################....] 92.00%
      7800 iter, 49 epoch / 50000 iterations
    1.9401 iters/sec. Estimated time to finish: 6:02:31.427446.
[4A[J0.518516        1.2674                               
[J     total [#######...........................................] 15.80%
this epoch [############################......................] 56.00%
      7900 iter, 50 epoch / 50000 iterations
    1.9403 iters/sec. Estimated time to finish: 6:01:38.088078.
[4A[J0.541909        1.27467                              
[J     total [########..........................................] 16.00%
this epoch [##########........................................] 20.00%
      8000 iter, 51 epoch / 50000 iterations
    1.9386 iters/sec. Estimated time to finish: 6:01:04.745205.
[4A[J0.542131        1.27624                              
[J     total [########..........................................] 16.20%
this epoch [##########################################........] 84.00%
      8100 iter, 51 epoch / 50000 iterations
    1.9389 iters/sec. Estimated time to finish: 6:00:10.516847.
[4A[J0.637433        1.25523             7.13927          
[J     total [########..........................................] 16.40%
this epoch [#######################...........................] 48.00%
      8200 iter, 52 epoch / 50000 iterations
     1.939 iters/sec. Estimated time to finish: 5:59:16.990665.
[4A[J0.655842        1.28158                              
[J     total [########..........................................] 16.60%
this epoch [#####.............................................] 12.00%
      8300 iter, 53 epoch / 50000 iterations
    1.9392 iters/sec. Estimated time to finish: 5:58:23.433772.
[4A[J0.52729         1.24442                              
[J     total [########..........................................] 16.80%
this epoch [#####################################.............] 76.00%
      8400 iter, 53 epoch / 50000 iterations
    1.9394 iters/sec. Estimated time to finish: 5:57:29.984358.
[4A[J0.614865        1.29752                              
